<?xml version="1.0" encoding="UTF-8"?>
<!-- Generated by org.testng.reporters.JUnitXMLReporter -->
<testsuite hostname="LAPTOP-SW-22" ignored="3" name="Default test" tests="1" failures="0" timestamp="23 abr 2019 12:56:30 GMT" time="0.048" errors="0">
  <testcase name="miCuartoTest" time="0.015" classname="tests.FirstTests"/>
  <testcase name="miSegundoTest" time="0.0" classname="tests.FirstTests">
    <ignored/>
  </testcase> <!-- miSegundoTest -->
  <testcase name="miTercerTest" time="0.0" classname="tests.FirstTests">
    <ignored/>
  </testcase> <!-- miTercerTest -->
  <testcase name="miPrimerTest" time="0.0" classname="tests.FirstTests">
    <ignored/>
  </testcase> <!-- miPrimerTest -->
</testsuite> <!-- Default test -->
