<?xml version="1.0" encoding="UTF-8"?>
<!-- Generated by org.testng.reporters.JUnitXMLReporter -->
<testsuite hostname="LAPTOP-SW-22" ignored="3" name="mi primer set" tests="6" failures="1" timestamp="23 abr 2019 15:32:24 GMT" time="0.144" errors="0">
  <testcase name="classIsNullTest" time="0.009" classname="tests.FirstTests"/>
  <testcase name="miPrimerTest" time="0.002" classname="tests.FirstTests">
    <failure type="java.lang.AssertionError" message="Se esperan los dos iguales expected [true] but found [false]">
      <![CDATA[java.lang.AssertionError: Se esperan los dos iguales expected [true] but found [false]
at tests.FirstTests.miPrimerTest(FirstTests.java:60)
... Removed 28 stack frames]]>
    </failure>
  </testcase> <!-- miPrimerTest -->
  <testcase name="miSegundoTest" time="0.006" classname="tests.FirstTests"/>
  <testcase name="miCuartoTest" time="0.002" classname="tests.SecondTests"/>
  <testcase name="miTercerTest" time="0.001" classname="tests.SecondTests"/>
  <testcase name="test1" time="0.002" classname="tests.SecondTests"/>
  <testcase name="test2" time="0.0" classname="tests.SecondTests">
    <ignored/>
  </testcase> <!-- test2 -->
  <testcase name="test4" time="0.0" classname="tests.SecondTests">
    <ignored/>
  </testcase> <!-- test4 -->
  <testcase name="test3" time="0.0" classname="tests.SecondTests">
    <ignored/>
  </testcase> <!-- test3 -->
</testsuite> <!-- mi primer set -->
