<?xml version="1.0" encoding="UTF-8"?>
<testng-results skipped="0" failed="1" ignored="3" total="9" passed="5">
  <reporter-output>
  </reporter-output>
  <suite name="Suite de pruebas tutorial" duration-ms="144" started-at="2019-04-23T15:32:23Z" finished-at="2019-04-23T15:32:24Z">
    <groups>
    </groups>
    <test name="mi primer set" duration-ms="144" started-at="2019-04-23T15:32:23Z" finished-at="2019-04-23T15:32:24Z">
      <class name="tests.FirstTests">
        <test-method status="PASS" signature="before()[pri:0, instance:tests.FirstTests@58651fd0]" name="before" is-config="true" duration-ms="10" started-at="2019-04-23T15:32:23Z" finished-at="2019-04-23T15:32:23Z">
          <reporter-output>
          </reporter-output>
        </test-method> <!-- before -->
        <test-method status="PASS" signature="setUp()[pri:0, instance:tests.FirstTests@58651fd0]" name="setUp" is-config="true" duration-ms="65" started-at="2019-04-23T15:32:23Z" finished-at="2019-04-23T15:32:24Z">
          <reporter-output>
          </reporter-output>
        </test-method> <!-- setUp -->
        <test-method status="PASS" signature="classIsNullTest()[pri:0, instance:tests.FirstTests@58651fd0]" name="classIsNullTest" duration-ms="9" started-at="2019-04-23T15:32:24Z" description="Verificar que el primer nro sea mayor que el segundo" finished-at="2019-04-23T15:32:24Z">
          <reporter-output>
          </reporter-output>
        </test-method> <!-- classIsNullTest -->
        <test-method status="PASS" signature="tearDown(org.testng.ITestResult)[pri:0, instance:tests.FirstTests@58651fd0]" name="tearDown" is-config="true" duration-ms="3" started-at="2019-04-23T15:32:24Z" finished-at="2019-04-23T15:32:24Z">
          <params>
            <param index="0">
              <value>
                <![CDATA[[TestResult name=classIsNullTest status=SUCCESS method=FirstTests.classIsNullTest()[pri:0, instance:tests.FirstTests@58651fd0] output={null}]]]>
              </value>
            </param>
          </params>
          <reporter-output>
          </reporter-output>
        </test-method> <!-- tearDown -->
        <test-method status="FAIL" signature="miPrimerTest()[pri:0, instance:tests.FirstTests@58651fd0]" name="miPrimerTest" duration-ms="2" started-at="2019-04-23T15:32:24Z" description="Verificar que ambos nrs. sean iguales" finished-at="2019-04-23T15:32:24Z">
          <exception class="java.lang.AssertionError">
            <message>
              <![CDATA[Se esperan los dos iguales expected [true] but found [false]]]>
            </message>
            <full-stacktrace>
              <![CDATA[java.lang.AssertionError: Se esperan los dos iguales expected [true] but found [false]
at org.testng.Assert.fail(Assert.java:96)
at org.testng.Assert.failNotEquals(Assert.java:776)
at org.testng.Assert.assertTrue(Assert.java:44)
at tests.FirstTests.miPrimerTest(FirstTests.java:60)
at sun.reflect.NativeMethodAccessorImpl.invoke0(Native Method)
at sun.reflect.NativeMethodAccessorImpl.invoke(Unknown Source)
at sun.reflect.DelegatingMethodAccessorImpl.invoke(Unknown Source)
at java.lang.reflect.Method.invoke(Unknown Source)
at org.testng.internal.MethodInvocationHelper.invokeMethod(MethodInvocationHelper.java:124)
at org.testng.internal.Invoker.invokeMethod(Invoker.java:583)
at org.testng.internal.Invoker.invokeTestMethod(Invoker.java:719)
at org.testng.internal.Invoker.invokeTestMethods(Invoker.java:989)
at org.testng.internal.TestMethodWorker.invokeTestMethods(TestMethodWorker.java:125)
at org.testng.internal.TestMethodWorker.run(TestMethodWorker.java:109)
at org.testng.TestRunner.privateRun(TestRunner.java:648)
at org.testng.TestRunner.run(TestRunner.java:505)
at org.testng.SuiteRunner.runTest(SuiteRunner.java:455)
at org.testng.SuiteRunner.runSequentially(SuiteRunner.java:450)
at org.testng.SuiteRunner.privateRun(SuiteRunner.java:415)
at org.testng.SuiteRunner.run(SuiteRunner.java:364)
at org.testng.SuiteRunnerWorker.runSuite(SuiteRunnerWorker.java:52)
at org.testng.SuiteRunnerWorker.run(SuiteRunnerWorker.java:84)
at org.testng.TestNG.runSuitesSequentially(TestNG.java:1208)
at org.testng.TestNG.runSuitesLocally(TestNG.java:1137)
at org.testng.TestNG.runSuites(TestNG.java:1049)
at org.testng.TestNG.run(TestNG.java:1017)
at org.testng.remote.AbstractRemoteTestNG.run(AbstractRemoteTestNG.java:115)
at org.testng.remote.RemoteTestNG.initAndRun(RemoteTestNG.java:251)
at org.testng.remote.RemoteTestNG.main(RemoteTestNG.java:77)
]]>
            </full-stacktrace>
          </exception> <!-- java.lang.AssertionError -->
          <reporter-output>
          </reporter-output>
        </test-method> <!-- miPrimerTest -->
        <test-method status="PASS" signature="setUp()[pri:0, instance:tests.FirstTests@58651fd0]" name="setUp" is-config="true" duration-ms="0" started-at="2019-04-23T15:32:24Z" finished-at="2019-04-23T15:32:24Z">
          <reporter-output>
          </reporter-output>
        </test-method> <!-- setUp -->
        <test-method status="PASS" signature="tearDown(org.testng.ITestResult)[pri:0, instance:tests.FirstTests@58651fd0]" name="tearDown" is-config="true" duration-ms="1" started-at="2019-04-23T15:32:24Z" finished-at="2019-04-23T15:32:24Z">
          <params>
            <param index="0">
              <value>
                <![CDATA[[TestResult name=miPrimerTest status=FAILURE method=FirstTests.miPrimerTest()[pri:0, instance:tests.FirstTests@58651fd0] output={null}]]]>
              </value>
            </param>
          </params>
          <reporter-output>
          </reporter-output>
        </test-method> <!-- tearDown -->
        <test-method status="PASS" signature="setUp()[pri:0, instance:tests.FirstTests@58651fd0]" name="setUp" is-config="true" duration-ms="3" started-at="2019-04-23T15:32:24Z" finished-at="2019-04-23T15:32:24Z">
          <reporter-output>
          </reporter-output>
        </test-method> <!-- setUp -->
        <test-method status="PASS" signature="miSegundoTest()[pri:0, instance:tests.FirstTests@58651fd0]" name="miSegundoTest" duration-ms="6" started-at="2019-04-23T15:32:24Z" description="Verificar que el primer nro sea mayor a cero" finished-at="2019-04-23T15:32:24Z">
          <reporter-output>
          </reporter-output>
        </test-method> <!-- miSegundoTest -->
        <test-method status="PASS" signature="tearDown(org.testng.ITestResult)[pri:0, instance:tests.FirstTests@58651fd0]" name="tearDown" is-config="true" duration-ms="0" started-at="2019-04-23T15:32:24Z" finished-at="2019-04-23T15:32:24Z">
          <params>
            <param index="0">
              <value>
                <![CDATA[[TestResult name=miSegundoTest status=SUCCESS method=FirstTests.miSegundoTest()[pri:0, instance:tests.FirstTests@58651fd0] output={null}]]]>
              </value>
            </param>
          </params>
          <reporter-output>
          </reporter-output>
        </test-method> <!-- tearDown -->
        <test-method status="PASS" signature="after()[pri:0, instance:tests.FirstTests@58651fd0]" name="after" is-config="true" duration-ms="1" started-at="2019-04-23T15:32:24Z" finished-at="2019-04-23T15:32:24Z">
          <reporter-output>
          </reporter-output>
        </test-method> <!-- after -->
      </class> <!-- tests.FirstTests -->
      <class name="tests.SecondTests">
        <test-method status="PASS" signature="miCuartoTest()[pri:0, instance:tests.SecondTests@4520ebad]" name="miCuartoTest" duration-ms="2" started-at="2019-04-23T15:32:24Z" finished-at="2019-04-23T15:32:24Z">
          <reporter-output>
          </reporter-output>
        </test-method> <!-- miCuartoTest -->
        <test-method status="PASS" signature="miTercerTest()[pri:0, instance:tests.SecondTests@4520ebad]" name="miTercerTest" duration-ms="1" started-at="2019-04-23T15:32:24Z" finished-at="2019-04-23T15:32:24Z">
          <reporter-output>
          </reporter-output>
        </test-method> <!-- miTercerTest -->
        <test-method status="PASS" signature="test1()[pri:0, instance:tests.SecondTests@4520ebad]" name="test1" duration-ms="2" started-at="2019-04-23T15:32:24Z" finished-at="2019-04-23T15:32:24Z">
          <reporter-output>
          </reporter-output>
        </test-method> <!-- test1 -->
      </class> <!-- tests.SecondTests -->
    </test> <!-- mi primer set -->
  </suite> <!-- Suite de pruebas tutorial -->
</testng-results>
